2025-02-22T15:06:49.616Z - pricefeed: 7UVimffxr9ow1uXYxsr4LHAcV58mLzhmwaeKvJ1pjLiE
2025-02-22T15:06:49.620Z - Pyth Account Info: {
  "data": {
    "type": "Buffer",
    "data": [
      34,
      241,
      35,
      99,
      157,
      126,
      244,
      205,
      96,
      49,
      71,
      4,
      52,
      13,
      237,
      223,
      55,
      31,
      212,
      36,
      114,
      20,
      143,
      36,
      142,
      157,
      26,
      109,
      26,
      94,
      178,
      172,
      58,
      205,
      139,
      127,
      213,
      214,
      178,
      67,
      1,
      239,
      13,
      139,
      111,
      218,
      44,
      235,
      164,
      29,
      161,
      93,
      64,
      149,
      209,
      218,
      57,
      42,
      13,
      47,
      142,
      208,
      198,
      199,
      188,
      15,
      76,
      250,
      200,
      194,
      128,
      181,
      109,
      172,
      172,
      201,
      11,
      4,
      0,
      0,
      0,
      67,
      198,
      145,
      0,
      0,
      0,
      0,
      0,
      248,
      255,
      255,
      255,
      218,
      231,
      185,
      103,
      0,
      0,
      0,
      0,
      218,
      231,
      185,
      103,
      0,
      0,
      0,
      0,
      92,
      191,
      219,
      9,
      4,
      0,
      0,
      0,
      162,
      54,
      151,
      0,
      0,
      0,
      0,
      0,
      149,
      168,
      160,
      21,
      0,
      0,
      0,
      0,
      0
    ]
  },
  "executable": false,
  "lamports": 201823520,
  "owner": "rec5EKMGg6MxZYaMdyBfgwp4d5rB9T1VQH5pJv5LtFJ",
  "rentEpoch": 18446744073709552000,
  "space": 134
}
2025-02-22T15:06:49.650Z - USDC Bank Account25VNpbtQg284AU6AcmhkpK7y1T2KAcFZftG3wAx9La2t
2025-02-22T15:06:49.650Z - SOL Bank AccountE5EhnxokrTknJsK7tRkhwVrB4XZ73kbfNpagrXfU4zwR
2025-02-22T15:06:49.656Z - Create User Account"9YRoP19dx5d5aP1hbQSxaTNSVy3SjKQeknAPSYKM5xYVNsF7HzUrvEsUetLVFLLAVRUWwx2aUXtzgiXqPE52jqq"
2025-02-22T15:06:49.659Z - Create USDC Bank Account"CtAPuGRMctQT8T3CZAzwDzp9igVsSohsW3JppvtDcGsq9sbQRkoJrHN9KguBznW2gyLVvEkqsnCsSQCqAvqy2tw"
2025-02-22T15:06:49.661Z - Mint to USDC Bank Signature:{"inner":{}}
2025-02-22T15:06:49.665Z - Create SOL Bank Account"67DdAubmbVbM92KvFzXzqpYre8vTNX4qcm5LQRj7DiwMWmUoC937DeQwHGhu3Qx1vazxiyhgC6u1Up8etDh7wHZs"
2025-02-22T15:06:49.668Z - Mint to SOL Bank Signature:{"inner":{}}
2025-02-22T15:06:49.671Z - USDC Token Account Created:"JDX53uCJZgdrAnQ32b5y9gEdRyhhAEBmmsq6v1ksh76t"
2025-02-22T15:06:49.674Z - Mint to USDC Bank Signature:{"inner":{}}
2025-02-22T15:06:49.678Z - Deposit USDC"62jsXzddjbwcv8rUEefjTEiZh8zuf9m7PKhofBTBff9L1ucgiJtyZQYq6wTjAv7sL75NkWeTFXEsn3qLgBomCJQp"
2025-02-22T15:11:19.710Z - pricefeed: 7UVimffxr9ow1uXYxsr4LHAcV58mLzhmwaeKvJ1pjLiE
2025-02-22T15:11:19.716Z - Pyth Account Info: {
  "data": {
    "type": "Buffer",
    "data": [
      34,
      241,
      35,
      99,
      157,
      126,
      244,
      205,
      96,
      49,
      71,
      4,
      52,
      13,
      237,
      223,
      55,
      31,
      212,
      36,
      114,
      20,
      143,
      36,
      142,
      157,
      26,
      109,
      26,
      94,
      178,
      172,
      58,
      205,
      139,
      127,
      213,
      214,
      178,
      67,
      1,
      239,
      13,
      139,
      111,
      218,
      44,
      235,
      164,
      29,
      161,
      93,
      64,
      149,
      209,
      218,
      57,
      42,
      13,
      47,
      142,
      208,
      198,
      199,
      188,
      15,
      76,
      250,
      200,
      194,
      128,
      181,
      109,
      161,
      26,
      209,
      12,
      4,
      0,
      0,
      0,
      132,
      170,
      137,
      0,
      0,
      0,
      0,
      0,
      248,
      255,
      255,
      255,
      172,
      232,
      185,
      103,
      0,
      0,
      0,
      0,
      172,
      232,
      185,
      103,
      0,
      0,
      0,
      0,
      48,
      204,
      250,
      9,
      4,
      0,
      0,
      0,
      56,
      18,
      151,
      0,
      0,
      0,
      0,
      0,
      35,
      171,
      160,
      21,
      0,
      0,
      0,
      0,
      0
    ]
  },
  "executable": false,
  "lamports": 201823520,
  "owner": "rec5EKMGg6MxZYaMdyBfgwp4d5rB9T1VQH5pJv5LtFJ",
  "rentEpoch": 18446744073709552000,
  "space": 134
}
2025-02-22T15:11:19.749Z - USDC Bank Account65QmXk5rxxCHvAySAiD5App75FvfXCHH9LRH6Ha6WpNq
2025-02-22T15:11:19.750Z - SOL Bank AccountDHYuTxgfhFmdpwM1NUM7TQHjAkqb2q7mzkw6z9Dbi1Mg
2025-02-22T15:11:19.755Z - Create User Account"2uYWqAcebEX4MTgiRJUJcgvLBUMorwPEYa5BeNDzeW5z2z9jD97ouApFLNQcbsxotV5i7JCdL8wGQwaEHj2JCnDJ"
2025-02-22T15:11:19.759Z - Create USDC Bank Account"DatwCJuan436Q4VVVK687BUnGmNqavp6mU3Vycef4QGbZzMPVoksJ6xCLyFgx29FFfqgBkLvmJFTBP16Maggafb"
2025-02-22T15:11:19.761Z - Mint to USDC Bank Signature:{"inner":{}}
2025-02-22T15:11:19.764Z - Create SOL Bank Account"4AmEowSEoKndayznZPPnduQS1wpUuUaua4nz1VbsnFNCRmyMFsQhTGJQ7cfyQyihRR52ao7HeMUtBk1iQ2fwXJca"
2025-02-22T15:11:19.768Z - Mint to SOL Bank Signature:{"inner":{}}
2025-02-22T15:11:19.773Z - USDC Token Account Created:"2RCm8G7FmMu21cRGkGDtChTBkaHGcD8USjR6RPjhqQSu"
2025-02-22T15:11:19.800Z - Mint to USDC Bank Signature:{"inner":{}}
2025-02-22T15:11:19.822Z - Deposit USDC"5oLukE926Y1CdA9S37UPpkT43X71iaoHqFCmvjnkvsKmPs4VHVWJyhcHBm9wkuYyrFcbw3iyAR38ERH5i7SdcvYw"
2025-02-22T15:12:29.444Z - pricefeed: 7UVimffxr9ow1uXYxsr4LHAcV58mLzhmwaeKvJ1pjLiE
2025-02-22T15:12:29.451Z - Pyth Account Info: {
  "data": {
    "type": "Buffer",
    "data": [
      34,
      241,
      35,
      99,
      157,
      126,
      244,
      205,
      96,
      49,
      71,
      4,
      52,
      13,
      237,
      223,
      55,
      31,
      212,
      36,
      114,
      20,
      143,
      36,
      142,
      157,
      26,
      109,
      26,
      94,
      178,
      172,
      58,
      205,
      139,
      127,
      213,
      214,
      178,
      67,
      1,
      239,
      13,
      139,
      111,
      218,
      44,
      235,
      164,
      29,
      161,
      93,
      64,
      149,
      209,
      218,
      57,
      42,
      13,
      47,
      142,
      208,
      198,
      199,
      188,
      15,
      76,
      250,
      200,
      194,
      128,
      181,
      109,
      156,
      16,
      79,
      12,
      4,
      0,
      0,
      0,
      244,
      180,
      141,
      0,
      0,
      0,
      0,
      0,
      248,
      255,
      255,
      255,
      36,
      233,
      185,
      103,
      0,
      0,
      0,
      0,
      35,
      233,
      185,
      103,
      0,
      0,
      0,
      0,
      136,
      88,
      22,
      10,
      4,
      0,
      0,
      0,
      165,
      225,
      150,
      0,
      0,
      0,
      0,
      0,
      40,
      172,
      160,
      21,
      0,
      0,
      0,
      0,
      0
    ]
  },
  "executable": false,
  "lamports": 201823520,
  "owner": "rec5EKMGg6MxZYaMdyBfgwp4d5rB9T1VQH5pJv5LtFJ",
  "rentEpoch": 18446744073709552000,
  "space": 134
}
2025-02-22T15:12:29.488Z - USDC Bank AccountDKwRH7RS7rf5T1c4GBp9Mrtjxs6QJ75yfG2rGgqcixXB
2025-02-22T15:12:29.488Z - SOL Bank AccountForksAkoRESY5tFuQtBYbFoMD8vxC21D4x5gK2AoYyHZ
2025-02-22T15:12:29.494Z - Create User Account"LZ9tjEqpCxu4ZRpoPRGNxZtyNH3G82s1wSdXbvFt8QFB9vgi5EZ8bDz82LS1KKkZN15KxKZwZ99P2RxvABhv2mf"
2025-02-22T15:12:29.497Z - Create USDC Bank Account"61vBvGHdZmifhYzJdjXY3teH1Qkw6WFEweuc4oEXDufwqU7WcbDSDohtn5vERstn29Ach7KYwbXbHiE5wuBzZDCC"
2025-02-22T15:12:29.500Z - Mint to USDC Bank Signature:{"inner":{}}
2025-02-22T15:12:29.504Z - Create SOL Bank Account"2wzp5kFaViqoLvjJCwrBXHejec5aXkK2W97jmjuRNF2Q6kprKuk1wH9NYNuDqmG8Gy1B4aUvusyge2DYaG35N2X9"
2025-02-22T15:12:29.507Z - Mint to SOL Bank Signature:{"inner":{}}
2025-02-22T15:12:29.510Z - USDC Token Account Created:"DhxHvugcVsqDfqcjU85gLEFUgTT7remNv5qBdsKxUxbz"
2025-02-22T15:12:29.513Z - Mint to USDC Bank Signature:{"inner":{}}
2025-02-22T15:12:29.520Z - Deposit USDC"NYEWYefLKTJeMjxdpUs9TP325xkkBeMMtNDaRXqbdDjMzp8ZcdtW3ixcvh7H9UvqwTREB1A2FKfeGUE4aBinVGM"
2025-02-22T15:14:38.212Z - pricefeed: 7UVimffxr9ow1uXYxsr4LHAcV58mLzhmwaeKvJ1pjLiE
2025-02-22T15:14:38.218Z - Pyth Account Info: {
  "data": {
    "type": "Buffer",
    "data": [
      34,
      241,
      35,
      99,
      157,
      126,
      244,
      205,
      96,
      49,
      71,
      4,
      52,
      13,
      237,
      223,
      55,
      31,
      212,
      36,
      114,
      20,
      143,
      36,
      142,
      157,
      26,
      109,
      26,
      94,
      178,
      172,
      58,
      205,
      139,
      127,
      213,
      214,
      178,
      67,
      1,
      239,
      13,
      139,
      111,
      218,
      44,
      235,
      164,
      29,
      161,
      93,
      64,
      149,
      209,
      218,
      57,
      42,
      13,
      47,
      142,
      208,
      198,
      199,
      188,
      15,
      76,
      250,
      200,
      194,
      128,
      181,
      109,
      104,
      227,
      182,
      11,
      4,
      0,
      0,
      0,
      190,
      146,
      152,
      0,
      0,
      0,
      0,
      0,
      248,
      255,
      255,
      255,
      185,
      233,
      185,
      103,
      0,
      0,
      0,
      0,
      185,
      233,
      185,
      103,
      0,
      0,
      0,
      0,
      200,
      94,
      47,
      10,
      4,
      0,
      0,
      0,
      101,
      12,
      151,
      0,
      0,
      0,
      0,
      0,
      149,
      173,
      160,
      21,
      0,
      0,
      0,
      0,
      0
    ]
  },
  "executable": false,
  "lamports": 201823520,
  "owner": "rec5EKMGg6MxZYaMdyBfgwp4d5rB9T1VQH5pJv5LtFJ",
  "rentEpoch": 18446744073709552000,
  "space": 134
}
2025-02-22T15:14:38.249Z - USDC Bank AccountCXBvprekgbgmJF341LTXoSBUuYcQWSe8ZPF3m3Tzi4Yk
2025-02-22T15:14:38.249Z - SOL Bank Account6XTP1rFeZd3odgE5CEA6t5MpkZPSs9BtfS2Y1D4AuxEM
2025-02-22T15:14:38.256Z - Create User Account"5oUJYz1mC7eAmJV2vTXzAFwGNQJmdE8ceab4mRk2S5W73LojnDrqDnqMozb6mGKY4mxMWJebHy4oiQmeskjEiJLR"
2025-02-22T15:14:38.260Z - Create USDC Bank Account"rWWZJvFaYTtXTiYSZez5onuLSiwnWYZM8RbnynnegyQcovXBWRsGKzQWT5u2oSbvBg6Yyan2HgzMr8M7Z2G5bJo"
2025-02-22T15:14:38.262Z - Mint to USDC Bank Signature:{"inner":{}}
2025-02-22T15:14:38.266Z - Create SOL Bank Account"J9nb4xh7K4WsekoCCTXU9TFAwKq5GST3PGtRpSkfkLdmjwU8ndnT76n54VotfcFwyRo5ZU8Nii8NDstNcSNLdg2"
2025-02-22T15:14:38.268Z - Mint to SOL Bank Signature:{"inner":{}}
2025-02-22T15:14:38.272Z - USDC Token Account Created:"7mBiMSiAh4bDkvWNazLyt3XwU9ioj8x2GN5UQf5zF73i"
2025-02-22T15:14:38.275Z - Mint to USDC Bank Signature:{"inner":{}}
2025-02-22T15:14:38.279Z - Deposit USDC"2E2zavixjdy3qguaGaHbKHLLQRtQDyqQTxbugj53SxsaPhQ1Th2Kru5yXMw3jdeckGwfrp5D74E6yuTw8ct36uCv"
